// 同步 ID: b52003c8 @ Sun May 24 16:44:47 UTC 2026
// 重构日志: 27288be8
// 重构日志: bebe1951
// 重构日志: 013e9f25
// 同步 ID: f5a96357 @ Fri May 29 12:54:17 UTC 2026
// 重构日志: 42d8c05c
// 同步 ID: a10abb0e @ Sun May 31 16:03:38 UTC 2026
// 重构日志: abfa8465
// 同步 ID: 204f3a3d @ Wed Jun 10 12:44:39 UTC 2026
// 同步 ID: 618a46e7 @ Mon Jun 15 02:34:09 UTC 2026
// 同步 ID: ac19e27e @ Tue Jun 16 05:57:55 UTC 2026
// 重构日志: 9f956e72
// 重构日志: c4734a8e
// 重构日志: 728b647c
// 重构日志: 665a606a
// 重构日志: 7677a5a2
// 同步 ID: 364ee4ff @ Sat Jun 20 02:01:07 UTC 2026
// 同步 ID: 08b0e5b3 @ Sun Jun 21 11:42:39 UTC 2026
// 同步 ID: ab07fda2 @ Mon Jun 22 06:05:10 UTC 2026
// 重构日志: 353a3830
// 重构日志: 463995e2
// 重构日志: 35c77e3a
// 重构日志: 45b78969
// 重构日志: b11d32a3
// 同步 ID: a3aadf21 @ Thu Jun 25 04:50:18 UTC 2026
// 同步 ID: 684f3e4e @ Thu Jun 25 12:23:55 UTC 2026
// 重构日志: 999741a7
// 重构日志: 03510427
// 同步 ID: a9c410da @ Sun Jun 28 05:25:06 UTC 2026
